  % Total    % Received % Xferd  Average Speed   Time    Time     Time  Current
                                 Dload  Upload   Total   Spent    Left  Speed
  0     0    0     0    0     0      0      0 --:--:-- --:--:-- --:--:--     0* Host www.tradeindia.com:443 was resolved.
* IPv6: (none)
* IPv4: 13.225.5.43, 13.225.5.52, 13.225.5.121, 13.225.5.90
*   Trying 13.225.5.43:443...
* Connected to www.tradeindia.com (13.225.5.43) port 443
* ALPN: curl offers h2,http/1.1
} [5 bytes data]
* TLSv1.3 (OUT), TLS handshake, Client hello (1):
} [512 bytes data]
*  CAfile: /etc/ssl/certs/ca-certificates.crt
*  CApath: /etc/ssl/certs
{ [5 bytes data]
* TLSv1.3 (IN), TLS handshake, Server hello (2):
{ [122 bytes data]
* TLSv1.3 (IN), TLS handshake, Encrypted Extensions (8):
{ [19 bytes data]
* TLSv1.3 (IN), TLS handshake, Certificate (11):
{ [3822 bytes data]
* TLSv1.3 (IN), TLS handshake, CERT verify (15):
{ [264 bytes data]
* TLSv1.3 (IN), TLS handshake, Finished (20):
{ [36 bytes data]
* TLSv1.3 (OUT), TLS change cipher, Change cipher spec (1):
} [1 bytes data]
* TLSv1.3 (OUT), TLS handshake, Finished (20):
} [36 bytes data]
* SSL connection using TLSv1.3 / TLS_AES_128_GCM_SHA256 / X25519 / RSASSA-PSS
* ALPN: server accepted h2
* Server certificate:
*  subject: CN=tradeindia.com
*  start date: Mar  6 00:00:00 2025 GMT
*  expire date: Apr  5 23:59:59 2026 GMT
*  subjectAltName: host "www.tradeindia.com" matched cert's "*.tradeindia.com"
*  issuer: C=US; O=Amazon; CN=Amazon RSA 2048 M03
*  SSL certificate verify ok.
*   Certificate level 0: Public key type RSA (2048/112 Bits/secBits), signed using sha256WithRSAEncryption
*   Certificate level 1: Public key type RSA (2048/112 Bits/secBits), signed using sha256WithRSAEncryption
*   Certificate level 2: Public key type RSA (2048/112 Bits/secBits), signed using sha256WithRSAEncryption
} [5 bytes data]
* using HTTP/2
* [HTTP/2] [1] OPENED stream for https://www.tradeindia.com/utils/my_inquiry.html?userid=7083249&profile_id=9850523&key=cd1d7124851c345a5f2fa29dc9c20506&from_date=2025-10-16&to_date=2025-10-16&limit=10&page_no=1
* [HTTP/2] [1] [:method: GET]
* [HTTP/2] [1] [:scheme: https]
* [HTTP/2] [1] [:authority: www.tradeindia.com]
* [HTTP/2] [1] [:path: /utils/my_inquiry.html?userid=7083249&profile_id=9850523&key=cd1d7124851c345a5f2fa29dc9c20506&from_date=2025-10-16&to_date=2025-10-16&limit=10&page_no=1]
* [HTTP/2] [1] [user-agent: Mozilla/5.0]
* [HTTP/2] [1] [accept: */*]
} [5 bytes data]
> GET /utils/my_inquiry.html?userid=7083249&profile_id=9850523&key=cd1d7124851c345a5f2fa29dc9c20506&from_date=2025-10-16&to_date=2025-10-16&limit=10&page_no=1 HTTP/2
> Host: www.tradeindia.com
> User-Agent: Mozilla/5.0
> Accept: */*
> 
{ [5 bytes data]
* TLSv1.3 (IN), TLS handshake, Newsession Ticket (4):
{ [157 bytes data]
< HTTP/2 403 
< server: CloudFront
< date: Thu, 16 Oct 2025 12:53:20 GMT
< content-type: text/html
< content-length: 919
< x-cache: Error from cloudfront
< via: 1.1 abf1eb055e021fa76f5b3cc60396ccc4.cloudfront.net (CloudFront)
< x-amz-cf-pop: BOM78-P10
< x-amz-cf-id: P3TrOSxcst96uJpiKSKwFAtthYEfYDefVcIPxqg7SEw_25qnsJehQA==
< vary: Origin
< 
{ [919 bytes data]
100   919  100   919    0     0  20827      0 --:--:-- --:--:-- --:--:-- 20886
* Connection #0 to host www.tradeindia.com left intact
<!DOCTYPE HTML PUBLIC "-//W3C//DTD HTML 4.01 Transitional//EN" "http://www.w3.org/TR/html4/loose.dtd">
<HTML><HEAD><META HTTP-EQUIV="Content-Type" CONTENT="text/html; charset=iso-8859-1">
<TITLE>ERROR: The request could not be satisfied</TITLE>
</HEAD><BODY>
<H1>403 ERROR</H1>
<H2>The request could not be satisfied.</H2>
<HR noshade size="1px">
Request blocked.
We can't connect to the server for this app or website at this time. There might be too much traffic or a configuration error. Try again later, or contact the app or website owner.
<BR clear="all">
If you provide content to customers through CloudFront, you can find steps to troubleshoot and help prevent this error by reviewing the CloudFront documentation.
<BR clear="all">
<HR noshade size="1px">
<PRE>
Generated by cloudfront (CloudFront)
Request ID: P3TrOSxcst96uJpiKSKwFAtthYEfYDefVcIPxqg7SEw_25qnsJehQA==
</PRE>
<ADDRESS>
</ADDRESS>
</BODY></HTML>